<?xml version="1.0" encoding="UTF-8"?>
<testng-results ignored="0" total="3" passed="3" failed="0" skipped="0">
  <reporter-output>
  </reporter-output>
  <suite started-at="2021-08-20T15:49:52 EDT" name="Default suite" finished-at="2021-08-20T15:49:52 EDT" duration-ms="57">
    <groups>
    </groups>
    <test started-at="2021-08-20T15:49:52 EDT" name="Default test" finished-at="2021-08-20T15:49:52 EDT" duration-ms="57">
      <class name="SquareTest">
        <test-method signature="testGetters()[pri:0, instance:SquareTest@26b3fd41]" started-at="2021-08-20T15:49:52 EDT" name="testGetters" finished-at="2021-08-20T15:49:52 EDT" duration-ms="12" status="PASS">
          <reporter-output>
          </reporter-output>
        </test-method> <!-- testGetters -->
        <test-method signature="testSquareArea()[pri:0, instance:SquareTest@26b3fd41]" started-at="2021-08-20T15:49:52 EDT" name="testSquareArea" finished-at="2021-08-20T15:49:52 EDT" duration-ms="1" status="PASS">
          <reporter-output>
          </reporter-output>
        </test-method> <!-- testSquareArea -->
        <test-method signature="testSquarePerimeter()[pri:0, instance:SquareTest@26b3fd41]" started-at="2021-08-20T15:49:52 EDT" name="testSquarePerimeter" finished-at="2021-08-20T15:49:52 EDT" duration-ms="1" status="PASS">
          <reporter-output>
          </reporter-output>
        </test-method> <!-- testSquarePerimeter -->
      </class> <!-- SquareTest -->
    </test> <!-- Default test -->
  </suite> <!-- Default suite -->
</testng-results>
